<?xml version="1.0" encoding="UTF-8"?>
<!-- Generated by org.testng.reporters.JUnitReportReporter -->
<testsuite hostname="kuldeep-PC" name="simpleDemo.simpleTest" tests="1" failures="0" timestamp="30 Oct 2018 16:31:12 GMT" time="2.237" errors="0">
  <testcase name="Test5" time="2.237" classname="simpleDemo.simpleTest"/>
</testsuite> <!-- simpleDemo.simpleTest -->
